Using pre-set license
Built from '2022.3/staging' branch; Version is '2022.3.3f1 (7cdc2969a641) revision 8182825'; Using compiler version '192829333'; Build Type 'Release'
OS: 'Windows 10  (10.0.19045) 64bit Core' Language: 'en' Physical Memory: 32718 MB
BatchMode: 1, IsHumanControllingUs: 0, StartBugReporterOnCrash: 0, Is64bit: 1, IsPro: 1

COMMAND LINE ARGUMENTS:
C:\Program Files\Unity\Hub\Editor\2022.3.3f1\Editor\Unity.exe
-adb2
-batchMode
-noUpm
-name
AssetImportWorker4
-projectPath
C:/Users/Retri/Documents/GitHub/Reldawin/Reldawin-0.3
-logFile
Logs/AssetImportWorker4.log
-srvPort
53353
Successfully changed project path to: C:/Users/Retri/Documents/GitHub/Reldawin/Reldawin-0.3
C:/Users/Retri/Documents/GitHub/Reldawin/Reldawin-0.3
[UnityMemory] Configuration Parameters - Can be set up in boot.config
    "memorysetup-bucket-allocator-granularity=16"
    "memorysetup-bucket-allocator-bucket-count=8"
    "memorysetup-bucket-allocator-block-size=33554432"
    "memorysetup-bucket-allocator-block-count=8"
    "memorysetup-main-allocator-block-size=16777216"
    "memorysetup-thread-allocator-block-size=16777216"
    "memorysetup-gfx-main-allocator-block-size=16777216"
    "memorysetup-gfx-thread-allocator-block-size=16777216"
    "memorysetup-cache-allocator-block-size=4194304"
    "memorysetup-typetree-allocator-block-size=2097152"
    "memorysetup-profiler-bucket-allocator-granularity=16"
    "memorysetup-profiler-bucket-allocator-bucket-count=8"
    "memorysetup-profiler-bucket-allocator-block-size=33554432"
    "memorysetup-profiler-bucket-allocator-block-count=8"
    "memorysetup-profiler-allocator-block-size=16777216"
    "memorysetup-profiler-editor-allocator-block-size=1048576"
    "memorysetup-temp-allocator-size-main=16777216"
    "memorysetup-job-temp-allocator-block-size=2097152"
    "memorysetup-job-temp-allocator-block-size-background=1048576"
    "memorysetup-job-temp-allocator-reduction-small-platforms=262144"
    "memorysetup-allocator-temp-initial-block-size-main=262144"
    "memorysetup-allocator-temp-initial-block-size-worker=262144"
    "memorysetup-temp-allocator-size-background-worker=32768"
    "memorysetup-temp-allocator-size-job-worker=262144"
    "memorysetup-temp-allocator-size-preload-manager=33554432"
    "memorysetup-temp-allocator-size-nav-mesh-worker=65536"
    "memorysetup-temp-allocator-size-audio-worker=65536"
    "memorysetup-temp-allocator-size-cloud-worker=32768"
    "memorysetup-temp-allocator-size-gi-baking-worker=262144"
    "memorysetup-temp-allocator-size-gfx=262144"
Player connection [12616] Host "[IP] 192.168.1.15 [Port] 0 [Flags] 2 [Guid] 210357360 [EditorId] 210357360 [Version] 1048832 [Id] WindowsEditor(7,DESKTOP-VENDCLO) [Debug] 1 [PackageName] WindowsEditor [ProjectName] Editor" joined multi-casting on [225.0.0.222:54997]...

Player connection [12616] Host "[IP] 192.168.1.15 [Port] 0 [Flags] 2 [Guid] 210357360 [EditorId] 210357360 [Version] 1048832 [Id] WindowsEditor(7,DESKTOP-VENDCLO) [Debug] 1 [PackageName] WindowsEditor [ProjectName] Editor" joined alternative multi-casting on [225.0.0.222:34997]...

Refreshing native plugins compatible for Editor in 9.49 ms, found 4 plugins.
Preloading 0 native plugins for Editor in 0.00 ms.
Initialize engine version: 2022.3.3f1 (7cdc2969a641)
[Subsystems] Discovering subsystems at path C:/Program Files/Unity/Hub/Editor/2022.3.3f1/Editor/Data/Resources/UnitySubsystems
[Subsystems] Discovering subsystems at path C:/Users/Retri/Documents/GitHub/Reldawin/Reldawin-0.3/Assets
GfxDevice: creating device client; threaded=0; jobified=0
Direct3D:
    Version:  Direct3D 11.0 [level 11.1]
    Renderer: AMD Radeon RX 5700 XT (ID=0x731f)
    Vendor:   ATI
    VRAM:     8151 MB
    Driver:   31.0.14051.1000
Initialize mono
Mono path[0] = 'C:/Program Files/Unity/Hub/Editor/2022.3.3f1/Editor/Data/Managed'
Mono path[1] = 'C:/Program Files/Unity/Hub/Editor/2022.3.3f1/Editor/Data/MonoBleedingEdge/lib/mono/unityjit-win32'
Mono config path = 'C:/Program Files/Unity/Hub/Editor/2022.3.3f1/Editor/Data/MonoBleedingEdge/etc'
Using monoOptions --debugger-agent=transport=dt_socket,embedding=1,server=y,suspend=n,address=127.0.0.1:56904
Begin MonoManager ReloadAssembly
Registering precompiled unity dll's ...
Register platform support module: C:/Program Files/Unity/Hub/Editor/2022.3.3f1/Editor/Data/PlaybackEngines/WebGLSupport/UnityEditor.WebGL.Extensions.dll
Register platform support module: C:/Program Files/Unity/Hub/Editor/2022.3.3f1/Editor/Data/PlaybackEngines/AndroidPlayer/UnityEditor.Android.Extensions.dll
Register platform support module: C:/Program Files/Unity/Hub/Editor/2022.3.3f1/Editor/Data/PlaybackEngines/WindowsStandaloneSupport/UnityEditor.WindowsStandalone.Extensions.dll
Registered in 0.009124 seconds.
- Loaded All Assemblies, in  0.299 seconds
Native extension for WindowsStandalone target not found
Native extension for Android target not found
Android Extension - Scanning For ADB Devices 227 ms
Native extension for WebGL target not found
Mono: successfully reloaded assembly
- Finished resetting the current domain, in  0.524 seconds
Domain Reload Profiling: 822ms
	BeginReloadAssembly (71ms)
		ExecutionOrderSort (0ms)
		DisableScriptedObjects (0ms)
		BackupInstance (0ms)
		ReleaseScriptingObjects (0ms)
		CreateAndSetChildDomain (1ms)
	RebuildCommonClasses (32ms)
	RebuildNativeTypeToScriptingClass (10ms)
	initialDomainReloadingComplete (55ms)
	LoadAllAssembliesAndSetupDomain (128ms)
		LoadAssemblies (70ms)
		RebuildTransferFunctionScriptingTraits (0ms)
		AnalyzeDomain (123ms)
			TypeCache.Refresh (122ms)
				TypeCache.ScanAssembly (113ms)
			ScanForSourceGeneratedMonoScriptInfo (0ms)
			ResolveRequiredComponents (1ms)
	FinalizeReload (524ms)
		ReleaseScriptCaches (0ms)
		RebuildScriptCaches (0ms)
		SetupLoadedEditorAssemblies (469ms)
			LogAssemblyErrors (0ms)
			InitializePlatformSupportModulesInManaged (332ms)
			SetLoadedEditorAssemblies (4ms)
			RefreshPlugins (0ms)
			BeforeProcessingInitializeOnLoad (2ms)
			ProcessInitializeOnLoadAttributes (91ms)
			ProcessInitializeOnLoadMethodAttributes (40ms)
			AfterProcessingInitializeOnLoad (0ms)
			EditorAssembliesLoaded (0ms)
		ExecutionOrderSort2 (0ms)
		AwakeInstancesAfterBackupRestoration (0ms)
========================================================================
Worker process is ready to serve import requests
Begin MonoManager ReloadAssembly
Symbol file LoadedFromMemory doesn't match image C:\Users\Retri\Documents\GitHub\Reldawin\Reldawin-0.3\Library\PackageCache\com.unity.visualscripting@1.8.0\Editor\VisualScripting.Core\Dependencies\YamlDotNet\Unity.VisualScripting.YamlDotNet.dll
Symbol file LoadedFromMemory doesn't match image C:\Users\Retri\Documents\GitHub\Reldawin\Reldawin-0.3\Library\PackageCache\com.unity.visualscripting@1.8.0\Editor\VisualScripting.Core\Dependencies\DotNetZip\Unity.VisualScripting.IonicZip.dll
- Loaded All Assemblies, in  0.673 seconds
Refreshing native plugins compatible for Editor in 3.64 ms, found 4 plugins.
Native extension for WindowsStandalone target not found
Native extension for Android target not found
Native extension for WebGL target not found
Mono: successfully reloaded assembly
- Finished resetting the current domain, in  0.574 seconds
Domain Reload Profiling: 1245ms
	BeginReloadAssembly (114ms)
		ExecutionOrderSort (0ms)
		DisableScriptedObjects (5ms)
		BackupInstance (0ms)
		ReleaseScriptingObjects (0ms)
		CreateAndSetChildDomain (22ms)
	RebuildCommonClasses (30ms)
	RebuildNativeTypeToScriptingClass (11ms)
	initialDomainReloadingComplete (37ms)
	LoadAllAssembliesAndSetupDomain (479ms)
		LoadAssemblies (274ms)
		RebuildTransferFunctionScriptingTraits (0ms)
		AnalyzeDomain (258ms)
			TypeCache.Refresh (235ms)
				TypeCache.ScanAssembly (223ms)
			ScanForSourceGeneratedMonoScriptInfo (18ms)
			ResolveRequiredComponents (4ms)
	FinalizeReload (574ms)
		ReleaseScriptCaches (0ms)
		RebuildScriptCaches (0ms)
		SetupLoadedEditorAssemblies (411ms)
			LogAssemblyErrors (0ms)
			InitializePlatformSupportModulesInManaged (23ms)
			SetLoadedEditorAssemblies (6ms)
			RefreshPlugins (0ms)
			BeforeProcessingInitializeOnLoad (122ms)
			ProcessInitializeOnLoadAttributes (223ms)
			ProcessInitializeOnLoadMethodAttributes (31ms)
			AfterProcessingInitializeOnLoad (6ms)
			EditorAssembliesLoaded (0ms)
		ExecutionOrderSort2 (0ms)
		AwakeInstancesAfterBackupRestoration (5ms)
Launched and connected shader compiler UnityShaderCompiler.exe after 0.04 seconds
Refreshing native plugins compatible for Editor in 4.41 ms, found 4 plugins.
Preloading 0 native plugins for Editor in 0.00 ms.
Unloading 4005 Unused Serialized files (Serialized files now loaded: 0)
Unloading 69 unused Assets / (244.6 KB). Loaded Objects now: 4467.
Memory consumption went from 144.5 MB to 144.3 MB.
Total: 3.533200 ms (FindLiveObjects: 0.387900 ms CreateObjectMapping: 0.117700 ms MarkObjects: 2.797600 ms  DeleteObjects: 0.228600 ms)

AssetImportParameters requested are different than current active one (requested -> active):
  custom:container-demuxer-ogg: 62fdf1f143b41e24485cea50d1cbac27 -> 
  custom:video-decoder-ogg-theora: a1e56fd34408186e4bbccfd4996cb3dc -> 
  custom:framework-win-MediaFoundation: 216162199b28c13a410421893ffa2e32 -> 
  custom:container-demuxer-webm: 4f35f7cbe854078d1ac9338744f61a02 -> 
  custom:container-muxer-webm: aa71ff27fc2769a1b78a27578f13a17b -> 
  custom:video-decoder-webm-vp8: 9c59270c3fd7afecdb556c50c9e8de78 -> 
  custom:AudioImporter_EditorPlatform: d09bf68614088b80899f8185d706f6e7 -> 
  custom:video-encoder-webm-vp8: eb34c28f22e8b96e1ab97ce403110664 -> 
  custom:audio-decoder-ogg-vorbis: bf7c407c2cedff20999df2af8eb42d56 -> 
  custom:audio-encoder-webm-vorbis: bf7c407c2cedff20999df2af8eb42d56 -> 
========================================================================
Received Import Request.
  Time since last request: 417038.145719 seconds.
  path: Assets/Resources/Sprites/tiles/Tilemap/tiles_16.asset
  artifactKey: Guid(0a0b79526b8e45e488d0ee6fd3124919) Importer(815301076,1909f56bfc062723c751e8b465ee728b)
Start importing Assets/Resources/Sprites/tiles/Tilemap/tiles_16.asset using Guid(0a0b79526b8e45e488d0ee6fd3124919) Importer(815301076,1909f56bfc062723c751e8b465ee728b)  -> (artifact id: 'b7b850d857904d6805e34e9fb6f09f48') in 0.063047 seconds
Number of updated asset objects reloaded before import = 0
Number of asset objects unloaded after import = 3
========================================================================
Received Import Request.
  Time since last request: 0.000020 seconds.
  path: Assets/Resources/Sprites/tiles/Tilemap/tiles_21.asset
  artifactKey: Guid(25743329ca33a4a40bad9d3a60eba12c) Importer(815301076,1909f56bfc062723c751e8b465ee728b)
Start importing Assets/Resources/Sprites/tiles/Tilemap/tiles_21.asset using Guid(25743329ca33a4a40bad9d3a60eba12c) Importer(815301076,1909f56bfc062723c751e8b465ee728b)  -> (artifact id: 'b3a0120f94686cdd97f1749f2012c796') in 0.006733 seconds
Number of updated asset objects reloaded before import = 0
Number of asset objects unloaded after import = 3
========================================================================
Received Import Request.
  Time since last request: 0.000023 seconds.
  path: Assets/Resources/Sprites/tiles/Tilemap/tiles_19.asset
  artifactKey: Guid(0a7cfefd3ff10834289b201110fa16c9) Importer(815301076,1909f56bfc062723c751e8b465ee728b)
Start importing Assets/Resources/Sprites/tiles/Tilemap/tiles_19.asset using Guid(0a7cfefd3ff10834289b201110fa16c9) Importer(815301076,1909f56bfc062723c751e8b465ee728b)  -> (artifact id: '0773deb7d058f06fa63641e3c201ef82') in 0.007271 seconds
Number of updated asset objects reloaded before import = 0
Number of asset objects unloaded after import = 3
========================================================================
Received Import Request.
  Time since last request: 0.000016 seconds.
  path: Assets/Resources/Sprites/tiles/Tilemap/tiles_26.asset
  artifactKey: Guid(be0b3d11ee63dfc43b82c8c74b2012ca) Importer(815301076,1909f56bfc062723c751e8b465ee728b)
Start importing Assets/Resources/Sprites/tiles/Tilemap/tiles_26.asset using Guid(be0b3d11ee63dfc43b82c8c74b2012ca) Importer(815301076,1909f56bfc062723c751e8b465ee728b)  -> (artifact id: '6a673f320e08646f5c4b73aa2a3996f3') in 0.005699 seconds
Number of updated asset objects reloaded before import = 0
Number of asset objects unloaded after import = 3
========================================================================
Received Import Request.
  Time since last request: 0.000021 seconds.
  path: Assets/Resources/Sprites/tiles/Tilemap/tiles_25.asset
  artifactKey: Guid(a69476d6fefb40846b4ad82ddece2c04) Importer(815301076,1909f56bfc062723c751e8b465ee728b)
Start importing Assets/Resources/Sprites/tiles/Tilemap/tiles_25.asset using Guid(a69476d6fefb40846b4ad82ddece2c04) Importer(815301076,1909f56bfc062723c751e8b465ee728b)  -> (artifact id: '2e460e7d271aeab5a35f34ddc5346d75') in 0.014640 seconds
Number of updated asset objects reloaded before import = 0
Number of asset objects unloaded after import = 3
========================================================================
Received Import Request.
  Time since last request: 11.830748 seconds.
  path: Assets/Resources/Sprites/tiles/tiles.png
  artifactKey: Guid(d4df81fc65541054ea3d5e4b2508540d) Importer(815301076,1909f56bfc062723c751e8b465ee728b)
Start importing Assets/Resources/Sprites/tiles/tiles.png using Guid(d4df81fc65541054ea3d5e4b2508540d) Importer(815301076,1909f56bfc062723c751e8b465ee728b)  -> (artifact id: 'b7338f2d6c6642053a0b4c76f3361fb6') in 0.077058 seconds
Number of updated asset objects reloaded before import = 0
Number of asset objects unloaded after import = 30
========================================================================
Received Import Request.
  Time since last request: 42.321729 seconds.
  path: Assets/Resources/Sprites/tiles/tiles.png
  artifactKey: Guid(d4df81fc65541054ea3d5e4b2508540d) Importer(815301076,1909f56bfc062723c751e8b465ee728b)
Start importing Assets/Resources/Sprites/tiles/tiles.png using Guid(d4df81fc65541054ea3d5e4b2508540d) Importer(815301076,1909f56bfc062723c751e8b465ee728b)  -> (artifact id: '031987d04ae8aeb288d348338315589f') in 0.061973 seconds
Number of updated asset objects reloaded before import = 0
Number of asset objects unloaded after import = 30
========================================================================
Received Import Request.
  Time since last request: 55.711467 seconds.
  path: Assets/Resources/Sprites/tiles/tiles.png
  artifactKey: Guid(d4df81fc65541054ea3d5e4b2508540d) Importer(815301076,1909f56bfc062723c751e8b465ee728b)
Start importing Assets/Resources/Sprites/tiles/tiles.png using Guid(d4df81fc65541054ea3d5e4b2508540d) Importer(815301076,1909f56bfc062723c751e8b465ee728b)  -> (artifact id: '09f71188fd235c9f26e1ecf409c4ec00') in 0.057772 seconds
Number of updated asset objects reloaded before import = 0
Number of asset objects unloaded after import = 30
========================================================================
Received Import Request.
  Time since last request: 48.108900 seconds.
  path: Assets/Resources/Sprites/tiles/tiles.png
  artifactKey: Guid(d4df81fc65541054ea3d5e4b2508540d) Importer(815301076,1909f56bfc062723c751e8b465ee728b)
Start importing Assets/Resources/Sprites/tiles/tiles.png using Guid(d4df81fc65541054ea3d5e4b2508540d) Importer(815301076,1909f56bfc062723c751e8b465ee728b)  -> (artifact id: 'a6ac96e6ca8429e944846a800c7ad729') in 0.062488 seconds
Number of updated asset objects reloaded before import = 0
Number of asset objects unloaded after import = 30
========================================================================
Received Import Request.
  Time since last request: 115.887927 seconds.
  path: Assets/Resources/Sprites/tiles/tiles.png
  artifactKey: Guid(d4df81fc65541054ea3d5e4b2508540d) Importer(815301076,1909f56bfc062723c751e8b465ee728b)
Start importing Assets/Resources/Sprites/tiles/tiles.png using Guid(d4df81fc65541054ea3d5e4b2508540d) Importer(815301076,1909f56bfc062723c751e8b465ee728b)  -> (artifact id: 'a0f7acb3e457b5c61a49347681f90a71') in 0.063496 seconds
Number of updated asset objects reloaded before import = 0
Number of asset objects unloaded after import = 30
========================================================================
Received Import Request.
  Time since last request: 4.361717 seconds.
  path: Assets/Resources/Sprites/tiles/Tilemap/cliff_rt.asset
  artifactKey: Guid(5c231a7742789814f8d1a14e3625bce3) Importer(815301076,1909f56bfc062723c751e8b465ee728b)
Start importing Assets/Resources/Sprites/tiles/Tilemap/cliff_rt.asset using Guid(5c231a7742789814f8d1a14e3625bce3) Importer(815301076,1909f56bfc062723c751e8b465ee728b)  -> (artifact id: 'c9a4a6f2d98db25a32680dfdc3eb55b4') in 0.024106 seconds
Number of updated asset objects reloaded before import = 0
Number of asset objects unloaded after import = 4
========================================================================
Received Import Request.
  Time since last request: 0.000018 seconds.
  path: Assets/Resources/Sprites/tiles/Tilemap/tiles_7.asset
  artifactKey: Guid(296a399a478356642aaed0e135b6d39e) Importer(815301076,1909f56bfc062723c751e8b465ee728b)
Start importing Assets/Resources/Sprites/tiles/Tilemap/tiles_7.asset using Guid(296a399a478356642aaed0e135b6d39e) Importer(815301076,1909f56bfc062723c751e8b465ee728b)  -> (artifact id: '6651ce0531c90fd7d8474459c2a39167') in 0.017763 seconds
Number of updated asset objects reloaded before import = 0
Number of asset objects unloaded after import = 3
========================================================================
Received Import Request.
  Time since last request: 0.000018 seconds.
  path: Assets/Resources/Sprites/tiles/Tilemap/tiles_20.asset
  artifactKey: Guid(88508e0450882c94d8235c58a7fadf12) Importer(815301076,1909f56bfc062723c751e8b465ee728b)
Start importing Assets/Resources/Sprites/tiles/Tilemap/tiles_20.asset using Guid(88508e0450882c94d8235c58a7fadf12) Importer(815301076,1909f56bfc062723c751e8b465ee728b)  -> (artifact id: '4deeee62857a992dee9e92e14686d6f8') in 0.006574 seconds
Number of updated asset objects reloaded before import = 0
Number of asset objects unloaded after import = 3
========================================================================
Received Import Request.
  Time since last request: 0.000017 seconds.
  path: Assets/Resources/Sprites/tiles/Tilemap/tiles_16.asset
  artifactKey: Guid(0a0b79526b8e45e488d0ee6fd3124919) Importer(815301076,1909f56bfc062723c751e8b465ee728b)
Start importing Assets/Resources/Sprites/tiles/Tilemap/tiles_16.asset using Guid(0a0b79526b8e45e488d0ee6fd3124919) Importer(815301076,1909f56bfc062723c751e8b465ee728b)  -> (artifact id: '55baa1959758116ec601199d2889c749') in 0.006620 seconds
Number of updated asset objects reloaded before import = 0
Number of asset objects unloaded after import = 3
========================================================================
Received Import Request.
  Time since last request: 0.000021 seconds.
  path: Assets/Resources/Sprites/tiles/Tilemap/tiles_22.asset
  artifactKey: Guid(53e44f61be7358244822b485649d6e5d) Importer(815301076,1909f56bfc062723c751e8b465ee728b)
Start importing Assets/Resources/Sprites/tiles/Tilemap/tiles_22.asset using Guid(53e44f61be7358244822b485649d6e5d) Importer(815301076,1909f56bfc062723c751e8b465ee728b)  -> (artifact id: '743d5c800ae6121858a02077c49cedd5') in 0.005904 seconds
Number of updated asset objects reloaded before import = 0
Number of asset objects unloaded after import = 3
========================================================================
Received Import Request.
  Time since last request: 0.000017 seconds.
  path: Assets/Resources/Sprites/tiles/Tilemap/tiles_27.asset
  artifactKey: Guid(586bb84ea8564d442af94048cd57e194) Importer(815301076,1909f56bfc062723c751e8b465ee728b)
Start importing Assets/Resources/Sprites/tiles/Tilemap/tiles_27.asset using Guid(586bb84ea8564d442af94048cd57e194) Importer(815301076,1909f56bfc062723c751e8b465ee728b)  -> (artifact id: '59da0cab8c31ee6ec634a383086f1e43') in 0.013482 seconds
Number of updated asset objects reloaded before import = 0
Number of asset objects unloaded after import = 3
========================================================================
Received Import Request.
  Time since last request: 0.000022 seconds.
  path: Assets/Resources/Sprites/tiles/Tilemap/tiles_5.asset
  artifactKey: Guid(9c49c006b60d7be49be2904ae9e69025) Importer(815301076,1909f56bfc062723c751e8b465ee728b)
Start importing Assets/Resources/Sprites/tiles/Tilemap/tiles_5.asset using Guid(9c49c006b60d7be49be2904ae9e69025) Importer(815301076,1909f56bfc062723c751e8b465ee728b)  -> (artifact id: '0d9db4d5a17491de7383bf9b33702b4e') in 0.005746 seconds
Number of updated asset objects reloaded before import = 0
Number of asset objects unloaded after import = 3
========================================================================
Received Import Request.
  Time since last request: 0.000018 seconds.
  path: Assets/Resources/Sprites/tiles/Tilemap/tiles_19.asset
  artifactKey: Guid(0a7cfefd3ff10834289b201110fa16c9) Importer(815301076,1909f56bfc062723c751e8b465ee728b)
Start importing Assets/Resources/Sprites/tiles/Tilemap/tiles_19.asset using Guid(0a7cfefd3ff10834289b201110fa16c9) Importer(815301076,1909f56bfc062723c751e8b465ee728b)  -> (artifact id: '71afaa5181f0c75e7361947bde57284b') in 0.004825 seconds
Number of updated asset objects reloaded before import = 0
Number of asset objects unloaded after import = 3
========================================================================
Received Import Request.
  Time since last request: 0.000020 seconds.
  path: Assets/Resources/Sprites/tiles/Tilemap/tiles_24.asset
  artifactKey: Guid(08ebb66fe4358a44f866ec692bf84722) Importer(815301076,1909f56bfc062723c751e8b465ee728b)
Start importing Assets/Resources/Sprites/tiles/Tilemap/tiles_24.asset using Guid(08ebb66fe4358a44f866ec692bf84722) Importer(815301076,1909f56bfc062723c751e8b465ee728b)  -> (artifact id: '3bfb3789da4d196c9e0b9dab6897dca8') in 0.004838 seconds
Number of updated asset objects reloaded before import = 0
Number of asset objects unloaded after import = 3
========================================================================
Received Import Request.
  Time since last request: 0.000021 seconds.
  path: Assets/Resources/Sprites/tiles/Tilemap/tiles_2.asset
  artifactKey: Guid(a66da4de69c0ca448aa694fabdce0099) Importer(815301076,1909f56bfc062723c751e8b465ee728b)
Start importing Assets/Resources/Sprites/tiles/Tilemap/tiles_2.asset using Guid(a66da4de69c0ca448aa694fabdce0099) Importer(815301076,1909f56bfc062723c751e8b465ee728b)  -> (artifact id: '28b23374867b6e9fe9705952806fa191') in 0.005303 seconds
Number of updated asset objects reloaded before import = 0
Number of asset objects unloaded after import = 3
========================================================================
Received Import Request.
  Time since last request: 0.000021 seconds.
  path: Assets/Resources/Sprites/tiles/Tilemap/tiles_23.asset
  artifactKey: Guid(5e4d43bfdb84b7948bdc3541cfc3187a) Importer(815301076,1909f56bfc062723c751e8b465ee728b)
Start importing Assets/Resources/Sprites/tiles/Tilemap/tiles_23.asset using Guid(5e4d43bfdb84b7948bdc3541cfc3187a) Importer(815301076,1909f56bfc062723c751e8b465ee728b)  -> (artifact id: '5007c16fac939fa17d04ce407fdb6899') in 0.005667 seconds
Number of updated asset objects reloaded before import = 0
Number of asset objects unloaded after import = 3
Editor requested this worker to shutdown with reason: Scaling down because of idle timeout
TcpMessagingSession - receive error: operation aborted. errorcode: 995, details: The I/O operation has been aborted because of either a thread exit or an application request.
AssetImportWorker is now disconnected from the server
Process exiting
Exiting without the bug reporter. Application will terminate with return code 0