Using pre-set license
Built from '2022.3/staging' branch; Version is '2022.3.3f1 (7cdc2969a641) revision 8182825'; Using compiler version '192829333'; Build Type 'Release'
OS: 'Windows 10  (10.0.19045) 64bit Core' Language: 'en' Physical Memory: 32718 MB
BatchMode: 1, IsHumanControllingUs: 0, StartBugReporterOnCrash: 0, Is64bit: 1, IsPro: 1

COMMAND LINE ARGUMENTS:
C:\Program Files\Unity\Hub\Editor\2022.3.3f1\Editor\Unity.exe
-adb2
-batchMode
-noUpm
-name
AssetImportWorker8
-projectPath
C:/Users/Retri/Documents/GitHub/Reldawin/Reldawin-0.3
-logFile
Logs/AssetImportWorker8.log
-srvPort
53353
Successfully changed project path to: C:/Users/Retri/Documents/GitHub/Reldawin/Reldawin-0.3
C:/Users/Retri/Documents/GitHub/Reldawin/Reldawin-0.3
[UnityMemory] Configuration Parameters - Can be set up in boot.config
    "memorysetup-bucket-allocator-granularity=16"
    "memorysetup-bucket-allocator-bucket-count=8"
    "memorysetup-bucket-allocator-block-size=33554432"
    "memorysetup-bucket-allocator-block-count=8"
    "memorysetup-main-allocator-block-size=16777216"
    "memorysetup-thread-allocator-block-size=16777216"
    "memorysetup-gfx-main-allocator-block-size=16777216"
    "memorysetup-gfx-thread-allocator-block-size=16777216"
    "memorysetup-cache-allocator-block-size=4194304"
    "memorysetup-typetree-allocator-block-size=2097152"
    "memorysetup-profiler-bucket-allocator-granularity=16"
    "memorysetup-profiler-bucket-allocator-bucket-count=8"
    "memorysetup-profiler-bucket-allocator-block-size=33554432"
    "memorysetup-profiler-bucket-allocator-block-count=8"
    "memorysetup-profiler-allocator-block-size=16777216"
    "memorysetup-profiler-editor-allocator-block-size=1048576"
    "memorysetup-temp-allocator-size-main=16777216"
    "memorysetup-job-temp-allocator-block-size=2097152"
    "memorysetup-job-temp-allocator-block-size-background=1048576"
    "memorysetup-job-temp-allocator-reduction-small-platforms=262144"
    "memorysetup-allocator-temp-initial-block-size-main=262144"
    "memorysetup-allocator-temp-initial-block-size-worker=262144"
    "memorysetup-temp-allocator-size-background-worker=32768"
    "memorysetup-temp-allocator-size-job-worker=262144"
    "memorysetup-temp-allocator-size-preload-manager=33554432"
    "memorysetup-temp-allocator-size-nav-mesh-worker=65536"
    "memorysetup-temp-allocator-size-audio-worker=65536"
    "memorysetup-temp-allocator-size-cloud-worker=32768"
    "memorysetup-temp-allocator-size-gi-baking-worker=262144"
    "memorysetup-temp-allocator-size-gfx=262144"
Player connection [18328] Host "[IP] 192.168.1.15 [Port] 0 [Flags] 2 [Guid] 1048929368 [EditorId] 1048929368 [Version] 1048832 [Id] WindowsEditor(7,DESKTOP-VENDCLO) [Debug] 1 [PackageName] WindowsEditor [ProjectName] Editor" joined multi-casting on [225.0.0.222:54997]...

Player connection [18328] Host "[IP] 192.168.1.15 [Port] 0 [Flags] 2 [Guid] 1048929368 [EditorId] 1048929368 [Version] 1048832 [Id] WindowsEditor(7,DESKTOP-VENDCLO) [Debug] 1 [PackageName] WindowsEditor [ProjectName] Editor" joined alternative multi-casting on [225.0.0.222:34997]...

Refreshing native plugins compatible for Editor in 8.79 ms, found 4 plugins.
Preloading 0 native plugins for Editor in 0.00 ms.
Initialize engine version: 2022.3.3f1 (7cdc2969a641)
[Subsystems] Discovering subsystems at path C:/Program Files/Unity/Hub/Editor/2022.3.3f1/Editor/Data/Resources/UnitySubsystems
[Subsystems] Discovering subsystems at path C:/Users/Retri/Documents/GitHub/Reldawin/Reldawin-0.3/Assets
GfxDevice: creating device client; threaded=0; jobified=0
Direct3D:
    Version:  Direct3D 11.0 [level 11.1]
    Renderer: AMD Radeon RX 5700 XT (ID=0x731f)
    Vendor:   ATI
    VRAM:     8151 MB
    Driver:   31.0.14051.1000
Initialize mono
Mono path[0] = 'C:/Program Files/Unity/Hub/Editor/2022.3.3f1/Editor/Data/Managed'
Mono path[1] = 'C:/Program Files/Unity/Hub/Editor/2022.3.3f1/Editor/Data/MonoBleedingEdge/lib/mono/unityjit-win32'
Mono config path = 'C:/Program Files/Unity/Hub/Editor/2022.3.3f1/Editor/Data/MonoBleedingEdge/etc'
Using monoOptions --debugger-agent=transport=dt_socket,embedding=1,server=y,suspend=n,address=127.0.0.1:56128
Begin MonoManager ReloadAssembly
Registering precompiled unity dll's ...
Register platform support module: C:/Program Files/Unity/Hub/Editor/2022.3.3f1/Editor/Data/PlaybackEngines/WebGLSupport/UnityEditor.WebGL.Extensions.dll
Register platform support module: C:/Program Files/Unity/Hub/Editor/2022.3.3f1/Editor/Data/PlaybackEngines/AndroidPlayer/UnityEditor.Android.Extensions.dll
Register platform support module: C:/Program Files/Unity/Hub/Editor/2022.3.3f1/Editor/Data/PlaybackEngines/WindowsStandaloneSupport/UnityEditor.WindowsStandalone.Extensions.dll
Registered in 0.015411 seconds.
- Loaded All Assemblies, in  0.344 seconds
Native extension for WindowsStandalone target not found
Native extension for Android target not found
Android Extension - Scanning For ADB Devices 272 ms
Native extension for WebGL target not found
Mono: successfully reloaded assembly
- Finished resetting the current domain, in  0.597 seconds
Domain Reload Profiling: 939ms
	BeginReloadAssembly (76ms)
		ExecutionOrderSort (0ms)
		DisableScriptedObjects (0ms)
		BackupInstance (0ms)
		ReleaseScriptingObjects (0ms)
		CreateAndSetChildDomain (1ms)
	RebuildCommonClasses (35ms)
	RebuildNativeTypeToScriptingClass (11ms)
	initialDomainReloadingComplete (68ms)
	LoadAllAssembliesAndSetupDomain (152ms)
		LoadAssemblies (75ms)
		RebuildTransferFunctionScriptingTraits (0ms)
		AnalyzeDomain (143ms)
			TypeCache.Refresh (143ms)
				TypeCache.ScanAssembly (130ms)
			ScanForSourceGeneratedMonoScriptInfo (0ms)
			ResolveRequiredComponents (0ms)
	FinalizeReload (598ms)
		ReleaseScriptCaches (0ms)
		RebuildScriptCaches (0ms)
		SetupLoadedEditorAssemblies (532ms)
			LogAssemblyErrors (0ms)
			InitializePlatformSupportModulesInManaged (384ms)
			SetLoadedEditorAssemblies (4ms)
			RefreshPlugins (0ms)
			BeforeProcessingInitializeOnLoad (2ms)
			ProcessInitializeOnLoadAttributes (97ms)
			ProcessInitializeOnLoadMethodAttributes (45ms)
			AfterProcessingInitializeOnLoad (0ms)
			EditorAssembliesLoaded (0ms)
		ExecutionOrderSort2 (0ms)
		AwakeInstancesAfterBackupRestoration (0ms)
========================================================================
Worker process is ready to serve import requests
Begin MonoManager ReloadAssembly
Symbol file LoadedFromMemory doesn't match image C:\Users\Retri\Documents\GitHub\Reldawin\Reldawin-0.3\Library\PackageCache\com.unity.visualscripting@1.8.0\Editor\VisualScripting.Core\Dependencies\YamlDotNet\Unity.VisualScripting.YamlDotNet.dll
Symbol file LoadedFromMemory doesn't match image C:\Users\Retri\Documents\GitHub\Reldawin\Reldawin-0.3\Library\PackageCache\com.unity.visualscripting@1.8.0\Editor\VisualScripting.Core\Dependencies\DotNetZip\Unity.VisualScripting.IonicZip.dll
- Loaded All Assemblies, in  0.719 seconds
Refreshing native plugins compatible for Editor in 3.80 ms, found 4 plugins.
Native extension for WindowsStandalone target not found
Native extension for Android target not found
Native extension for WebGL target not found
Mono: successfully reloaded assembly
- Finished resetting the current domain, in  0.622 seconds
Domain Reload Profiling: 1339ms
	BeginReloadAssembly (119ms)
		ExecutionOrderSort (0ms)
		DisableScriptedObjects (5ms)
		BackupInstance (0ms)
		ReleaseScriptingObjects (0ms)
		CreateAndSetChildDomain (22ms)
	RebuildCommonClasses (31ms)
	RebuildNativeTypeToScriptingClass (11ms)
	initialDomainReloadingComplete (37ms)
	LoadAllAssembliesAndSetupDomain (519ms)
		LoadAssemblies (284ms)
		RebuildTransferFunctionScriptingTraits (0ms)
		AnalyzeDomain (290ms)
			TypeCache.Refresh (264ms)
				TypeCache.ScanAssembly (246ms)
			ScanForSourceGeneratedMonoScriptInfo (22ms)
			ResolveRequiredComponents (4ms)
	FinalizeReload (623ms)
		ReleaseScriptCaches (0ms)
		RebuildScriptCaches (0ms)
		SetupLoadedEditorAssemblies (449ms)
			LogAssemblyErrors (0ms)
			InitializePlatformSupportModulesInManaged (27ms)
			SetLoadedEditorAssemblies (7ms)
			RefreshPlugins (0ms)
			BeforeProcessingInitializeOnLoad (127ms)
			ProcessInitializeOnLoadAttributes (244ms)
			ProcessInitializeOnLoadMethodAttributes (36ms)
			AfterProcessingInitializeOnLoad (7ms)
			EditorAssembliesLoaded (0ms)
		ExecutionOrderSort2 (0ms)
		AwakeInstancesAfterBackupRestoration (6ms)
Launched and connected shader compiler UnityShaderCompiler.exe after 0.04 seconds
Refreshing native plugins compatible for Editor in 3.77 ms, found 4 plugins.
Preloading 0 native plugins for Editor in 0.00 ms.
Unloading 4005 Unused Serialized files (Serialized files now loaded: 0)
Unloading 69 unused Assets / (244.6 KB). Loaded Objects now: 4467.
Memory consumption went from 144.5 MB to 144.3 MB.
Total: 3.774600 ms (FindLiveObjects: 0.393800 ms CreateObjectMapping: 0.113000 ms MarkObjects: 3.014200 ms  DeleteObjects: 0.252300 ms)

AssetImportParameters requested are different than current active one (requested -> active):
  custom:container-demuxer-ogg: 62fdf1f143b41e24485cea50d1cbac27 -> 
  custom:video-decoder-ogg-theora: a1e56fd34408186e4bbccfd4996cb3dc -> 
  custom:framework-win-MediaFoundation: 216162199b28c13a410421893ffa2e32 -> 
  custom:container-demuxer-webm: 4f35f7cbe854078d1ac9338744f61a02 -> 
  custom:container-muxer-webm: aa71ff27fc2769a1b78a27578f13a17b -> 
  custom:video-decoder-webm-vp8: 9c59270c3fd7afecdb556c50c9e8de78 -> 
  custom:AudioImporter_EditorPlatform: d09bf68614088b80899f8185d706f6e7 -> 
  custom:video-encoder-webm-vp8: eb34c28f22e8b96e1ab97ce403110664 -> 
  custom:audio-decoder-ogg-vorbis: bf7c407c2cedff20999df2af8eb42d56 -> 
  custom:audio-encoder-webm-vorbis: bf7c407c2cedff20999df2af8eb42d56 -> 
========================================================================
Received Import Request.
  Time since last request: 417494.503176 seconds.
  path: Assets/Resources/Sprites/tiles/tiles.png
  artifactKey: Guid(d4df81fc65541054ea3d5e4b2508540d) Importer(815301076,1909f56bfc062723c751e8b465ee728b)
Start importing Assets/Resources/Sprites/tiles/tiles.png using Guid(d4df81fc65541054ea3d5e4b2508540d) Importer(815301076,1909f56bfc062723c751e8b465ee728b)  -> (artifact id: 'e0c962bba69557962b1e6f9bf12913a1') in 0.111480 seconds
Number of updated asset objects reloaded before import = 0
Number of asset objects unloaded after import = 30
========================================================================
Received Import Request.
  Time since last request: 21.260673 seconds.
  path: Assets/Resources/Sprites/tiles/tiles.png
  artifactKey: Guid(d4df81fc65541054ea3d5e4b2508540d) Importer(815301076,1909f56bfc062723c751e8b465ee728b)
Start importing Assets/Resources/Sprites/tiles/tiles.png using Guid(d4df81fc65541054ea3d5e4b2508540d) Importer(815301076,1909f56bfc062723c751e8b465ee728b)  -> (artifact id: 'f6c7ead00781674c33c75b687a6361bf') in 0.064480 seconds
Number of updated asset objects reloaded before import = 0
Number of asset objects unloaded after import = 30
========================================================================
Received Import Request.
  Time since last request: 50.051415 seconds.
  path: Assets/Resources/Sprites/tiles/tiles.png
  artifactKey: Guid(d4df81fc65541054ea3d5e4b2508540d) Importer(815301076,1909f56bfc062723c751e8b465ee728b)
Start importing Assets/Resources/Sprites/tiles/tiles.png using Guid(d4df81fc65541054ea3d5e4b2508540d) Importer(815301076,1909f56bfc062723c751e8b465ee728b)  -> (artifact id: 'c3ed3c5b814fcb0e104235971ee2986f') in 0.061015 seconds
Number of updated asset objects reloaded before import = 0
Number of asset objects unloaded after import = 30
========================================================================
Received Import Request.
  Time since last request: 61.645404 seconds.
  path: Assets/Resources/Sprites/tiles/tiles.png
  artifactKey: Guid(d4df81fc65541054ea3d5e4b2508540d) Importer(815301076,1909f56bfc062723c751e8b465ee728b)
Start importing Assets/Resources/Sprites/tiles/tiles.png using Guid(d4df81fc65541054ea3d5e4b2508540d) Importer(815301076,1909f56bfc062723c751e8b465ee728b)  -> (artifact id: '5f4111143fa5a201ebb650de40e99217') in 0.061388 seconds
Number of updated asset objects reloaded before import = 0
Number of asset objects unloaded after import = 30
========================================================================
Received Import Request.
  Time since last request: 1359.758484 seconds.
  path: Assets/Resources/Sprites/tiles/tiles.png
  artifactKey: Guid(d4df81fc65541054ea3d5e4b2508540d) Importer(815301076,1909f56bfc062723c751e8b465ee728b)
Start importing Assets/Resources/Sprites/tiles/tiles.png using Guid(d4df81fc65541054ea3d5e4b2508540d) Importer(815301076,1909f56bfc062723c751e8b465ee728b)  -> (artifact id: 'c2c542bb1e7732e75a1a8de4cfa38d06') in 0.066955 seconds
Number of updated asset objects reloaded before import = 0
Number of asset objects unloaded after import = 30
========================================================================
Received Import Request.
  Time since last request: 24.173569 seconds.
  path: Assets/Resources/Sprites/tiles/tiles.png
  artifactKey: Guid(d4df81fc65541054ea3d5e4b2508540d) Importer(815301076,1909f56bfc062723c751e8b465ee728b)
Start importing Assets/Resources/Sprites/tiles/tiles.png using Guid(d4df81fc65541054ea3d5e4b2508540d) Importer(815301076,1909f56bfc062723c751e8b465ee728b)  -> (artifact id: '36b9477d5d10d80d532b6149ed630bc8') in 0.062342 seconds
Number of updated asset objects reloaded before import = 0
Number of asset objects unloaded after import = 30
========================================================================
Received Import Request.
  Time since last request: 22.160968 seconds.
  path: Assets/Resources/Sprites/tiles/tiles.png
  artifactKey: Guid(d4df81fc65541054ea3d5e4b2508540d) Importer(815301076,1909f56bfc062723c751e8b465ee728b)
Start importing Assets/Resources/Sprites/tiles/tiles.png using Guid(d4df81fc65541054ea3d5e4b2508540d) Importer(815301076,1909f56bfc062723c751e8b465ee728b)  -> (artifact id: 'f8d8af15274ee95e6e7f023ec4b1c6da') in 0.060605 seconds
Number of updated asset objects reloaded before import = 0
Number of asset objects unloaded after import = 30
========================================================================
Received Import Request.
  Time since last request: 46.928177 seconds.
  path: Assets/Resources/Sprites/tiles/tiles.png
  artifactKey: Guid(d4df81fc65541054ea3d5e4b2508540d) Importer(815301076,1909f56bfc062723c751e8b465ee728b)
Start importing Assets/Resources/Sprites/tiles/tiles.png using Guid(d4df81fc65541054ea3d5e4b2508540d) Importer(815301076,1909f56bfc062723c751e8b465ee728b)  -> (artifact id: 'ae3b2d4fee3b0eaa6ebe29905b9b0341') in 0.062830 seconds
Number of updated asset objects reloaded before import = 0
Number of asset objects unloaded after import = 30
========================================================================
Received Import Request.
  Time since last request: 147.524024 seconds.
  path: Assets/Resources/Sprites/tiles/tiles.png
  artifactKey: Guid(d4df81fc65541054ea3d5e4b2508540d) Importer(815301076,1909f56bfc062723c751e8b465ee728b)
Start importing Assets/Resources/Sprites/tiles/tiles.png using Guid(d4df81fc65541054ea3d5e4b2508540d) Importer(815301076,1909f56bfc062723c751e8b465ee728b)  -> (artifact id: '7adb5dcf623d35ae877889363d3fd801') in 0.059161 seconds
Number of updated asset objects reloaded before import = 0
Number of asset objects unloaded after import = 30
========================================================================
Received Import Request.
  Time since last request: 78.873340 seconds.
  path: Assets/Resources/Sprites/tiles/tiles.png
  artifactKey: Guid(d4df81fc65541054ea3d5e4b2508540d) Importer(815301076,1909f56bfc062723c751e8b465ee728b)
Start importing Assets/Resources/Sprites/tiles/tiles.png using Guid(d4df81fc65541054ea3d5e4b2508540d) Importer(815301076,1909f56bfc062723c751e8b465ee728b)  -> (artifact id: '623f3b7eba25024a6a1c2fa965307362') in 0.057722 seconds
Number of updated asset objects reloaded before import = 0
Number of asset objects unloaded after import = 30
========================================================================
Received Import Request.
  Time since last request: 52.214514 seconds.
  path: Assets/Resources/Sprites/tiles/tiles.png
  artifactKey: Guid(d4df81fc65541054ea3d5e4b2508540d) Importer(815301076,1909f56bfc062723c751e8b465ee728b)
Start importing Assets/Resources/Sprites/tiles/tiles.png using Guid(d4df81fc65541054ea3d5e4b2508540d) Importer(815301076,1909f56bfc062723c751e8b465ee728b)  -> (artifact id: '824f5bd01fbfe02934f8d76fda1edf10') in 0.057994 seconds
Number of updated asset objects reloaded before import = 0
Number of asset objects unloaded after import = 30
========================================================================
Received Import Request.
  Time since last request: 271.829224 seconds.
  path: Assets/Resources/Sprites/tiles/tiles.png
  artifactKey: Guid(d4df81fc65541054ea3d5e4b2508540d) Importer(815301076,1909f56bfc062723c751e8b465ee728b)
Start importing Assets/Resources/Sprites/tiles/tiles.png using Guid(d4df81fc65541054ea3d5e4b2508540d) Importer(815301076,1909f56bfc062723c751e8b465ee728b)  -> (artifact id: 'f20596c1d1e46a9d7c3de6bd37a6c29e') in 0.057459 seconds
Number of updated asset objects reloaded before import = 0
Number of asset objects unloaded after import = 30
========================================================================
Received Import Request.
  Time since last request: 83.021484 seconds.
  path: Assets/Resources/Sprites/tiles/tiles.png
  artifactKey: Guid(d4df81fc65541054ea3d5e4b2508540d) Importer(815301076,1909f56bfc062723c751e8b465ee728b)
Start importing Assets/Resources/Sprites/tiles/tiles.png using Guid(d4df81fc65541054ea3d5e4b2508540d) Importer(815301076,1909f56bfc062723c751e8b465ee728b)  -> (artifact id: 'bf0ec360cc6609631efb2e1655d4e678') in 0.065419 seconds
Number of updated asset objects reloaded before import = 0
Number of asset objects unloaded after import = 30
========================================================================
Received Import Request.
  Time since last request: 122.393052 seconds.
  path: Assets/Resources/Sprites/tiles/tiles.png
  artifactKey: Guid(d4df81fc65541054ea3d5e4b2508540d) Importer(815301076,1909f56bfc062723c751e8b465ee728b)
Start importing Assets/Resources/Sprites/tiles/tiles.png using Guid(d4df81fc65541054ea3d5e4b2508540d) Importer(815301076,1909f56bfc062723c751e8b465ee728b)  -> (artifact id: '283649134208b37f9fefbe9be076c7c4') in 0.068041 seconds
Number of updated asset objects reloaded before import = 0
Number of asset objects unloaded after import = 30
========================================================================
Received Import Request.
  Time since last request: 28.849829 seconds.
  path: Assets/Resources/Sprites/tiles/tiles.png
  artifactKey: Guid(d4df81fc65541054ea3d5e4b2508540d) Importer(815301076,1909f56bfc062723c751e8b465ee728b)
Start importing Assets/Resources/Sprites/tiles/tiles.png using Guid(d4df81fc65541054ea3d5e4b2508540d) Importer(815301076,1909f56bfc062723c751e8b465ee728b)  -> (artifact id: '0b497b75a1caf29487f20819fe0a208e') in 0.070150 seconds
Number of updated asset objects reloaded before import = 0
Number of asset objects unloaded after import = 30
========================================================================
Received Import Request.
  Time since last request: 130.323933 seconds.
  path: Assets/Resources/Sprites/tiles/tiles.png
  artifactKey: Guid(d4df81fc65541054ea3d5e4b2508540d) Importer(815301076,1909f56bfc062723c751e8b465ee728b)
Start importing Assets/Resources/Sprites/tiles/tiles.png using Guid(d4df81fc65541054ea3d5e4b2508540d) Importer(815301076,1909f56bfc062723c751e8b465ee728b)  -> (artifact id: 'bc256e5a13166428406d5c0bbd5782f7') in 0.061407 seconds
Number of updated asset objects reloaded before import = 0
Number of asset objects unloaded after import = 30
========================================================================
Received Import Request.
  Time since last request: 82.680950 seconds.
  path: Assets/Resources/Sprites/tiles/tiles.png
  artifactKey: Guid(d4df81fc65541054ea3d5e4b2508540d) Importer(815301076,1909f56bfc062723c751e8b465ee728b)
Start importing Assets/Resources/Sprites/tiles/tiles.png using Guid(d4df81fc65541054ea3d5e4b2508540d) Importer(815301076,1909f56bfc062723c751e8b465ee728b)  -> (artifact id: 'd2cff7ee10d9d77e9de65793205775c9') in 0.064177 seconds
Number of updated asset objects reloaded before import = 0
Number of asset objects unloaded after import = 30
========================================================================
Received Import Request.
  Time since last request: 14.821475 seconds.
  path: Assets/Resources/Sprites/tiles/tiles.png
  artifactKey: Guid(d4df81fc65541054ea3d5e4b2508540d) Importer(815301076,1909f56bfc062723c751e8b465ee728b)
Start importing Assets/Resources/Sprites/tiles/tiles.png using Guid(d4df81fc65541054ea3d5e4b2508540d) Importer(815301076,1909f56bfc062723c751e8b465ee728b)  -> (artifact id: 'd630dfeef2d16fac06079d1a92b77313') in 0.058449 seconds
Number of updated asset objects reloaded before import = 0
Number of asset objects unloaded after import = 30
========================================================================
Received Import Request.
  Time since last request: 31.667077 seconds.
  path: Assets/Resources/Sprites/tiles/tiles.png
  artifactKey: Guid(d4df81fc65541054ea3d5e4b2508540d) Importer(815301076,1909f56bfc062723c751e8b465ee728b)
Start importing Assets/Resources/Sprites/tiles/tiles.png using Guid(d4df81fc65541054ea3d5e4b2508540d) Importer(815301076,1909f56bfc062723c751e8b465ee728b)  -> (artifact id: '897a59cd9b1928bc78b16bf7c4b7d67e') in 0.059824 seconds
Number of updated asset objects reloaded before import = 0
Number of asset objects unloaded after import = 30
========================================================================
Received Import Request.
  Time since last request: 17.421664 seconds.
  path: Assets/Resources/Sprites/tiles/tiles.png
  artifactKey: Guid(d4df81fc65541054ea3d5e4b2508540d) Importer(815301076,1909f56bfc062723c751e8b465ee728b)
Start importing Assets/Resources/Sprites/tiles/tiles.png using Guid(d4df81fc65541054ea3d5e4b2508540d) Importer(815301076,1909f56bfc062723c751e8b465ee728b)  -> (artifact id: '2aa9a97628fafada1977189b161fde0b') in 0.060924 seconds
Number of updated asset objects reloaded before import = 0
Number of asset objects unloaded after import = 30
========================================================================
Received Import Request.
  Time since last request: 28.359317 seconds.
  path: Assets/Resources/Sprites/tiles/tiles.png
  artifactKey: Guid(d4df81fc65541054ea3d5e4b2508540d) Importer(815301076,1909f56bfc062723c751e8b465ee728b)
Start importing Assets/Resources/Sprites/tiles/tiles.png using Guid(d4df81fc65541054ea3d5e4b2508540d) Importer(815301076,1909f56bfc062723c751e8b465ee728b)  -> (artifact id: '341396e3857253820d25f4f52945613a') in 0.061607 seconds
Number of updated asset objects reloaded before import = 0
Number of asset objects unloaded after import = 30
========================================================================
Received Import Request.
  Time since last request: 862.579013 seconds.
  path: Assets/Resources/Sprites/tiles/Tilemap/cliff_rt.asset
  artifactKey: Guid(5c231a7742789814f8d1a14e3625bce3) Importer(815301076,1909f56bfc062723c751e8b465ee728b)
Start importing Assets/Resources/Sprites/tiles/Tilemap/cliff_rt.asset using Guid(5c231a7742789814f8d1a14e3625bce3) Importer(815301076,1909f56bfc062723c751e8b465ee728b)  -> (artifact id: 'de2f5139d17a6061e1f7d074d50c6c1d') in 0.016405 seconds
Number of updated asset objects reloaded before import = 0
Number of asset objects unloaded after import = 6
========================================================================
Received Import Request.
  Time since last request: 0.003741 seconds.
  path: Assets/Resources/Sprites/tiles/Tilemap/tiles_4.asset
  artifactKey: Guid(d631586b62ef4a14c9cc9c0afb310314) Importer(815301076,1909f56bfc062723c751e8b465ee728b)
Start importing Assets/Resources/Sprites/tiles/Tilemap/tiles_4.asset using Guid(d631586b62ef4a14c9cc9c0afb310314) Importer(815301076,1909f56bfc062723c751e8b465ee728b)  -> (artifact id: 'df6b0985e90d5aa55a8a9a65bc696222') in 0.006939 seconds
Number of updated asset objects reloaded before import = 0
Number of asset objects unloaded after import = 3
========================================================================
Received Import Request.
  Time since last request: 0.000014 seconds.
  path: Assets/Resources/Sprites/tiles/Tilemap/tiles_18.asset
  artifactKey: Guid(d22edc38367405545aec4bd0f8767d9a) Importer(815301076,1909f56bfc062723c751e8b465ee728b)
Start importing Assets/Resources/Sprites/tiles/Tilemap/tiles_18.asset using Guid(d22edc38367405545aec4bd0f8767d9a) Importer(815301076,1909f56bfc062723c751e8b465ee728b)  -> (artifact id: 'e5077a307b098629c10fc98414c8215b') in 0.015898 seconds
Number of updated asset objects reloaded before import = 0
Number of asset objects unloaded after import = 3
========================================================================
Received Import Request.
  Time since last request: 0.000019 seconds.
  path: Assets/Resources/Sprites/tiles/Tilemap/tiles_7.asset
  artifactKey: Guid(296a399a478356642aaed0e135b6d39e) Importer(815301076,1909f56bfc062723c751e8b465ee728b)
Start importing Assets/Resources/Sprites/tiles/Tilemap/tiles_7.asset using Guid(296a399a478356642aaed0e135b6d39e) Importer(815301076,1909f56bfc062723c751e8b465ee728b)  -> (artifact id: '77fba395d2e68bbe82fc05e923163f69') in 0.016398 seconds
Number of updated asset objects reloaded before import = 0
Number of asset objects unloaded after import = 3
========================================================================
Received Import Request.
  Time since last request: 0.000019 seconds.
  path: Assets/Resources/Sprites/tiles/Tilemap/tiles_25.asset
  artifactKey: Guid(a69476d6fefb40846b4ad82ddece2c04) Importer(815301076,1909f56bfc062723c751e8b465ee728b)
Start importing Assets/Resources/Sprites/tiles/Tilemap/tiles_25.asset using Guid(a69476d6fefb40846b4ad82ddece2c04) Importer(815301076,1909f56bfc062723c751e8b465ee728b)  -> (artifact id: '44381b12b370960c9b4645813a4140d4') in 0.015254 seconds
Number of updated asset objects reloaded before import = 0
Number of asset objects unloaded after import = 3
========================================================================
Received Import Request.
  Time since last request: 0.000018 seconds.
  path: Assets/Resources/Sprites/tiles/Tilemap/tiles_16.asset
  artifactKey: Guid(0a0b79526b8e45e488d0ee6fd3124919) Importer(815301076,1909f56bfc062723c751e8b465ee728b)
Start importing Assets/Resources/Sprites/tiles/Tilemap/tiles_16.asset using Guid(0a0b79526b8e45e488d0ee6fd3124919) Importer(815301076,1909f56bfc062723c751e8b465ee728b)  -> (artifact id: '7ec5b938f71f4074f1842911ab7b912a') in 0.004612 seconds
Number of updated asset objects reloaded before import = 0
Number of asset objects unloaded after import = 3
========================================================================
Received Import Request.
  Time since last request: 0.000014 seconds.
  path: Assets/Resources/Sprites/tiles/Tilemap/tiles_22.asset
  artifactKey: Guid(53e44f61be7358244822b485649d6e5d) Importer(815301076,1909f56bfc062723c751e8b465ee728b)
Start importing Assets/Resources/Sprites/tiles/Tilemap/tiles_22.asset using Guid(53e44f61be7358244822b485649d6e5d) Importer(815301076,1909f56bfc062723c751e8b465ee728b)  -> (artifact id: 'e5fd8fd0a16957b9d66b3362a2b4512f') in 0.004991 seconds
Number of updated asset objects reloaded before import = 0
Number of asset objects unloaded after import = 3
========================================================================
Received Import Request.
  Time since last request: 0.000019 seconds.
  path: Assets/Resources/Sprites/tiles/Tilemap/tiles_17.asset
  artifactKey: Guid(7d29f14cab863944699f55275688e2f1) Importer(815301076,1909f56bfc062723c751e8b465ee728b)
Start importing Assets/Resources/Sprites/tiles/Tilemap/tiles_17.asset using Guid(7d29f14cab863944699f55275688e2f1) Importer(815301076,1909f56bfc062723c751e8b465ee728b)  -> (artifact id: '28174ceee481316be51503f4284e0c7e') in 0.006025 seconds
Number of updated asset objects reloaded before import = 0
Number of asset objects unloaded after import = 3
========================================================================
Received Import Request.
  Time since last request: 0.000019 seconds.
  path: Assets/Resources/Sprites/tiles/Tilemap/tiles_27.asset
  artifactKey: Guid(586bb84ea8564d442af94048cd57e194) Importer(815301076,1909f56bfc062723c751e8b465ee728b)
Start importing Assets/Resources/Sprites/tiles/Tilemap/tiles_27.asset using Guid(586bb84ea8564d442af94048cd57e194) Importer(815301076,1909f56bfc062723c751e8b465ee728b)  -> (artifact id: '3f3398915ac5df06e9670192ffa5cefa') in 0.014448 seconds
Number of updated asset objects reloaded before import = 0
Number of asset objects unloaded after import = 3
========================================================================
Received Import Request.
  Time since last request: 0.000029 seconds.
  path: Assets/Resources/Sprites/tiles/Tilemap/tiles_5.asset
  artifactKey: Guid(9c49c006b60d7be49be2904ae9e69025) Importer(815301076,1909f56bfc062723c751e8b465ee728b)
Start importing Assets/Resources/Sprites/tiles/Tilemap/tiles_5.asset using Guid(9c49c006b60d7be49be2904ae9e69025) Importer(815301076,1909f56bfc062723c751e8b465ee728b)  -> (artifact id: 'a57b80f10ef904e47e4dad3d130c1e11') in 0.006191 seconds
Number of updated asset objects reloaded before import = 0
Number of asset objects unloaded after import = 3
========================================================================
Received Import Request.
  Time since last request: 0.000018 seconds.
  path: Assets/Resources/Sprites/tiles/Tilemap/tiles_1.asset
  artifactKey: Guid(a741bc9787e9fac489dcffe6b9cf79b1) Importer(815301076,1909f56bfc062723c751e8b465ee728b)
Start importing Assets/Resources/Sprites/tiles/Tilemap/tiles_1.asset using Guid(a741bc9787e9fac489dcffe6b9cf79b1) Importer(815301076,1909f56bfc062723c751e8b465ee728b)  -> (artifact id: '596eb4266d31e1ce3c82cadc4c95e25c') in 0.013159 seconds
Number of updated asset objects reloaded before import = 0
Number of asset objects unloaded after import = 3
========================================================================
Received Import Request.
  Time since last request: 0.000021 seconds.
  path: Assets/Resources/Sprites/tiles/Tilemap/tiles_24.asset
  artifactKey: Guid(08ebb66fe4358a44f866ec692bf84722) Importer(815301076,1909f56bfc062723c751e8b465ee728b)
Start importing Assets/Resources/Sprites/tiles/Tilemap/tiles_24.asset using Guid(08ebb66fe4358a44f866ec692bf84722) Importer(815301076,1909f56bfc062723c751e8b465ee728b)  -> (artifact id: '7263f75003d2a8b372f3a46105402207') in 0.004661 seconds
Number of updated asset objects reloaded before import = 0
Number of asset objects unloaded after import = 3
========================================================================
Received Import Request.
  Time since last request: 0.000013 seconds.
  path: Assets/Resources/Sprites/tiles/Tilemap/tiles_26.asset
  artifactKey: Guid(be0b3d11ee63dfc43b82c8c74b2012ca) Importer(815301076,1909f56bfc062723c751e8b465ee728b)
Start importing Assets/Resources/Sprites/tiles/Tilemap/tiles_26.asset using Guid(be0b3d11ee63dfc43b82c8c74b2012ca) Importer(815301076,1909f56bfc062723c751e8b465ee728b)  -> (artifact id: '9e2f955b455a60d998864360446fddc8') in 0.012233 seconds
Number of updated asset objects reloaded before import = 0
Number of asset objects unloaded after import = 3
Editor requested this worker to shutdown with reason: Scaling down because of idle timeout
TcpMessagingSession - receive error: operation aborted. errorcode: 995, details: The I/O operation has been aborted because of either a thread exit or an application request.
AssetImportWorker is now disconnected from the server
Process exiting
Exiting without the bug reporter. Application will terminate with return code 0